Determining if the pthread_create exist failed with the following output:
Change Dir: /home/riplaboratory/kanaloa_vrx/build/CMakeFiles/CMakeTmp

Run Build Command:"/usr/bin/make" "cmTC_b8832/fast"
/usr/bin/make -f CMakeFiles/cmTC_b8832.dir/build.make CMakeFiles/cmTC_b8832.dir/build
make[1]: Entering directory '/home/riplaboratory/kanaloa_vrx/build/CMakeFiles/CMakeTmp'
Building C object CMakeFiles/cmTC_b8832.dir/CheckSymbolExists.c.o
/usr/bin/cc    -o CMakeFiles/cmTC_b8832.dir/CheckSymbolExists.c.o   -c /home/riplaboratory/kanaloa_vrx/build/CMakeFiles/CMakeTmp/CheckSymbolExists.c
Linking C executable cmTC_b8832
/usr/bin/cmake -E cmake_link_script CMakeFiles/cmTC_b8832.dir/link.txt --verbose=1
/usr/bin/cc      -rdynamic CMakeFiles/cmTC_b8832.dir/CheckSymbolExists.c.o  -o cmTC_b8832 
CMakeFiles/cmTC_b8832.dir/CheckSymbolExists.c.o: In function `main':
CheckSymbolExists.c:(.text+0x1b): undefined reference to `pthread_create'
collect2: error: ld returned 1 exit status
CMakeFiles/cmTC_b8832.dir/build.make:97: recipe for target 'cmTC_b8832' failed
make[1]: *** [cmTC_b8832] Error 1
make[1]: Leaving directory '/home/riplaboratory/kanaloa_vrx/build/CMakeFiles/CMakeTmp'
Makefile:126: recipe for target 'cmTC_b8832/fast' failed
make: *** [cmTC_b8832/fast] Error 2

File /home/riplaboratory/kanaloa_vrx/build/CMakeFiles/CMakeTmp/CheckSymbolExists.c:
/* */
#include <pthread.h>

int main(int argc, char** argv)
{
  (void)argv;
#ifndef pthread_create
  return ((int*)(&pthread_create))[argc];
#else
  (void)argc;
  return 0;
#endif
}

Determining if the function pthread_create exists in the pthreads failed with the following output:
Change Dir: /home/riplaboratory/kanaloa_vrx/build/CMakeFiles/CMakeTmp

Run Build Command:"/usr/bin/make" "cmTC_f2ef9/fast"
/usr/bin/make -f CMakeFiles/cmTC_f2ef9.dir/build.make CMakeFiles/cmTC_f2ef9.dir/build
make[1]: Entering directory '/home/riplaboratory/kanaloa_vrx/build/CMakeFiles/CMakeTmp'
Building C object CMakeFiles/cmTC_f2ef9.dir/CheckFunctionExists.c.o
/usr/bin/cc   -DCHECK_FUNCTION_EXISTS=pthread_create   -o CMakeFiles/cmTC_f2ef9.dir/CheckFunctionExists.c.o   -c /usr/share/cmake-3.10/Modules/CheckFunctionExists.c
Linking C executable cmTC_f2ef9
/usr/bin/cmake -E cmake_link_script CMakeFiles/cmTC_f2ef9.dir/link.txt --verbose=1
/usr/bin/cc  -DCHECK_FUNCTION_EXISTS=pthread_create    -rdynamic CMakeFiles/cmTC_f2ef9.dir/CheckFunctionExists.c.o  -o cmTC_f2ef9 -lpthreads 
/usr/bin/ld: cannot find -lpthreads
collect2: error: ld returned 1 exit status
CMakeFiles/cmTC_f2ef9.dir/build.make:97: recipe for target 'cmTC_f2ef9' failed
make[1]: *** [cmTC_f2ef9] Error 1
make[1]: Leaving directory '/home/riplaboratory/kanaloa_vrx/build/CMakeFiles/CMakeTmp'
Makefile:126: recipe for target 'cmTC_f2ef9/fast' failed
make: *** [cmTC_f2ef9/fast] Error 2


